<?xml version="1.0" encoding="UTF-8"?>
<testng-results skipped="0" failed="0" ignored="1" total="1" passed="0">
  <reporter-output>
  </reporter-output>
  <suite name="Suite" duration-ms="15" started-at="2021-09-04T15:17:47 IST" finished-at="2021-09-04T15:17:47 IST">
    <groups>
    </groups>
    <test name="Test" duration-ms="15" started-at="2021-09-04T15:17:47 IST" finished-at="2021-09-04T15:17:47 IST">
      <class name="greenKartpack.sorting">
        <test-method status="PASS" signature="precondition()[pri:0, instance:greenKartpack.sorting@370736d9]" name="precondition" is-config="true" duration-ms="57455" started-at="2021-09-04T15:16:50 IST" finished-at="2021-09-04T15:17:47 IST">
          <reporter-output>
          </reporter-output>
        </test-method> <!-- precondition -->
      </class> <!-- greenKartpack.sorting -->
    </test> <!-- Test -->
  </suite> <!-- Suite -->
</testng-results>
