<?xml version="1.0" encoding="UTF-8"?>
<testng-results skipped="0" failed="0" total="0" passed="0">
  <reporter-output>
  </reporter-output>
  <suite name="Suite" duration-ms="12" started-at="2021-08-09T07:39:52Z" finished-at="2021-08-09T07:39:52Z">
    <groups>
    </groups>
    <test name="Test" duration-ms="12" started-at="2021-08-09T07:39:52Z" finished-at="2021-08-09T07:39:52Z">
      <class name="greenKartpack.sorting">
        <test-method status="PASS" signature="precondition()[pri:0, instance:greenKartpack.sorting@14bf9759]" name="precondition" is-config="true" duration-ms="26605" started-at="2021-08-09T13:09:25Z" finished-at="2021-08-09T13:09:52Z">
          <reporter-output>
          </reporter-output>
        </test-method> <!-- precondition -->
      </class> <!-- greenKartpack.sorting -->
    </test> <!-- Test -->
  </suite> <!-- Suite -->
</testng-results>
